Send POST https://api.jpush.cn/v3/push, body:{"platform":["android"],"audience":{"registration_id":["13065ffa4e092621d31"]},"notification":{"alert":"\u8bb0\u8d26\u7b2c16\u5929"},"options":{"sendno":821267582,"apns_production":false}}, times:1
Send POST https://api.jpush.cn/v3/push, body:{"platform":["android"],"audience":{"registration_id":["13065ffa4e092621d31"]},"notification":{"alert":"\u8bb0\u8d26\u7b2c16\u5929"},"options":{"sendno":2088524387,"apns_production":false}}, times:1
Send POST https://api.jpush.cn/v3/push, body:{"platform":["android"],"audience":{"registration_id":["13065ffa4e092621d31"]},"notification":{"alert":" \u9f13\u52b1\u4e86\u4f60"},"options":{"sendno":2241776071,"apns_production":false}}, times:1
Send POST https://api.jpush.cn/v3/push, body:{"platform":["android"],"audience":{"registration_id":["0004be83151"]},"notification":{"alert":" \u9f13\u52b1\u4e86\u4f60"},"options":{"sendno":23461172,"apns_production":false}}, times:1
Send POST https://api.jpush.cn/v3/push, body:{"platform":["ios"],"audience":{"registration_id":["141fe1da9eaba881c1a"]},"notification":{"alert":" \u9f13\u52b1\u4e86\u4f60"},"options":{"sendno":1069392768,"apns_production":false}}, times:1
Send POST https://api.jpush.cn/v3/push, body:{"platform":["android"],"audience":{"registration_id":["13065ffa4e092621d31"]},"notification":{"alert":" \u9f13\u52b1\u4e86\u4f60"},"options":{"sendno":4202869649,"apns_production":false}}, times:1
Send POST https://api.jpush.cn/v3/push, body:{"platform":["android"],"audience":{"registration_id":["0004be83151"]},"notification":{"alert":" \u9f13\u52b1\u4e86\u4f60"},"options":{"sendno":3220611088,"apns_production":false}}, times:1
Send POST https://api.jpush.cn/v3/push, body:{"platform":["ios"],"audience":{"registration_id":["141fe1da9eaba881c1a"]},"notification":{"alert":" \u9f13\u52b1\u4e86\u4f60"},"options":{"sendno":1476238151,"apns_production":false}}, times:1
Send POST https://api.jpush.cn/v3/push, body:{"platform":["android"],"audience":{"registration_id":["13065ffa4e092621d31"]},"notification":{"alert":"\u68a6\u68a6\u54d2 \u9f13\u52b1\u4e86\u4f60"},"options":{"sendno":246208555,"apns_production":false}}, times:1
Send POST https://api.jpush.cn/v3/push, body:{"platform":["android"],"audience":{"registration_id":["0004be83151"]},"notification":{"alert":"\u68a6\u68a6\u54d2 \u9f13\u52b1\u4e86\u4f60"},"options":{"sendno":3155825124,"apns_production":false}}, times:1
Send POST https://api.jpush.cn/v3/push, body:{"platform":["ios"],"audience":{"registration_id":["141fe1da9eaba881c1a"]},"notification":{"alert":"\u68a6\u68a6\u54d2 \u9f13\u52b1\u4e86\u4f60"},"options":{"sendno":3193064231,"apns_production":false}}, times:1
Send POST https://api.jpush.cn/v3/push, body:{"platform":["android"],"audience":{"registration_id":["13065ffa4e092621d31"]},"notification":{"alert":"\u522b\u52a0\u6211\u5fae\u4fe1 \u9f13\u52b1\u4e86\u4f60"},"options":{"sendno":1468944997,"apns_production":false}}, times:1
Send POST https://api.jpush.cn/v3/push, body:{"platform":["android"],"audience":{"registration_id":["0004be83151"]},"notification":{"alert":"\u522b\u52a0\u6211\u5fae\u4fe1 \u9f13\u52b1\u4e86\u4f60"},"options":{"sendno":187630789,"apns_production":false}}, times:1
Send POST https://api.jpush.cn/v3/push, body:{"platform":["ios"],"audience":{"registration_id":["141fe1da9eaba881c1a"]},"notification":{"alert":"\u522b\u52a0\u6211\u5fae\u4fe1 \u9f13\u52b1\u4e86\u4f60"},"options":{"sendno":3945479448,"apns_production":false}}, times:1
Send POST https://api.jpush.cn/v3/push, body:{"platform":["android"],"audience":{"registration_id":["13065ffa4e092621d31"]},"notification":{"alert":"\u5f20\u6625 \u9f13\u52b1\u4e86\u4f60"},"options":{"sendno":2232563117,"apns_production":false}}, times:1
Send POST https://api.jpush.cn/v3/push, body:{"platform":["android"],"audience":{"registration_id":["0004be83151"]},"notification":{"alert":"\u5f20\u6625 \u9f13\u52b1\u4e86\u4f60"},"options":{"sendno":60937645,"apns_production":false}}, times:1
Send POST https://api.jpush.cn/v3/push, body:{"platform":["ios"],"audience":{"registration_id":["141fe1da9eaba881c1a"]},"notification":{"alert":"\u5f20\u6625 \u9f13\u52b1\u4e86\u4f60"},"options":{"sendno":95531985,"apns_production":false}}, times:1
Send POST https://api.jpush.cn/v3/push, body:{"platform":["android"],"audience":{"registration_id":["13065ffa4e092621d31"]},"notification":{"alert":" \u9f13\u52b1\u4e86\u4f60"},"options":{"sendno":4155145306,"apns_production":false}}, times:1
Send POST https://api.jpush.cn/v3/push, body:{"platform":["android"],"audience":{"registration_id":["0004be83151"]},"notification":{"alert":" \u9f13\u52b1\u4e86\u4f60"},"options":{"sendno":3447121744,"apns_production":false}}, times:1
Send POST https://api.jpush.cn/v3/push, body:{"platform":["ios"],"audience":{"registration_id":["141fe1da9eaba881c1a"]},"notification":{"alert":" \u9f13\u52b1\u4e86\u4f60"},"options":{"sendno":3291291570,"apns_production":false}}, times:1
Send POST https://api.jpush.cn/v3/push, body:{"platform":["android"],"audience":{"registration_id":["13065ffa4e092621d31"]},"notification":{"alert":" \u9f13\u52b1\u4e86\u4f60"},"options":{"sendno":3006925089,"apns_production":false}}, times:1
Send POST https://api.jpush.cn/v3/push, body:{"platform":["android"],"audience":{"registration_id":["0004be83151"]},"notification":{"alert":" \u9f13\u52b1\u4e86\u4f60"},"options":{"sendno":2167702971,"apns_production":false}}, times:1
Send POST https://api.jpush.cn/v3/push, body:{"platform":["ios"],"audience":{"registration_id":["141fe1da9eaba881c1a"]},"notification":{"alert":" \u9f13\u52b1\u4e86\u4f60"},"options":{"sendno":3640202262,"apns_production":false}}, times:1
Send POST https://api.jpush.cn/v3/push, body:{"platform":["android"],"audience":{"registration_id":["13065ffa4e092621d31"]},"notification":{"alert":" \u9f13\u52b1\u4e86\u4f60"},"options":{"sendno":3235282002,"apns_production":false}}, times:1
Send POST https://api.jpush.cn/v3/push, body:{"platform":["android"],"audience":{"registration_id":["0004be83151"]},"notification":{"alert":" \u9f13\u52b1\u4e86\u4f60"},"options":{"sendno":2024619233,"apns_production":false}}, times:1
Send POST https://api.jpush.cn/v3/push, body:{"platform":["ios"],"audience":{"registration_id":["141fe1da9eaba881c1a"]},"notification":{"alert":" \u9f13\u52b1\u4e86\u4f60"},"options":{"sendno":3615871576,"apns_production":false}}, times:1
Send POST https://api.jpush.cn/v3/push, body:{"platform":["android"],"audience":{"registration_id":["13065ffa4e092621d31"]},"notification":{"alert":" \u9f13\u52b1\u4e86\u4f60"},"options":{"sendno":94564078,"apns_production":false}}, times:1
Send POST https://api.jpush.cn/v3/push, body:{"platform":["android"],"audience":{"registration_id":["0004be83151"]},"notification":{"alert":" \u9f13\u52b1\u4e86\u4f60"},"options":{"sendno":257360381,"apns_production":false}}, times:1
Send POST https://api.jpush.cn/v3/push, body:{"platform":["ios"],"audience":{"registration_id":["141fe1da9eaba881c1a"]},"notification":{"alert":" \u9f13\u52b1\u4e86\u4f60"},"options":{"sendno":3274611444,"apns_production":false}}, times:1
Send POST https://api.jpush.cn/v3/push, body:{"platform":["android"],"audience":{"registration_id":["13065ffa4e092621d31"]},"notification":{"alert":" \u9f13\u52b1\u4e86\u4f60"},"options":{"sendno":423125016,"apns_production":false}}, times:1
Send POST https://api.jpush.cn/v3/push, body:{"platform":["android"],"audience":{"registration_id":["0004be83151"]},"notification":{"alert":" \u9f13\u52b1\u4e86\u4f60"},"options":{"sendno":50386521,"apns_production":false}}, times:1
Send POST https://api.jpush.cn/v3/push, body:{"platform":["ios"],"audience":{"registration_id":["141fe1da9eaba881c1a"]},"notification":{"alert":" \u9f13\u52b1\u4e86\u4f60"},"options":{"sendno":2756747174,"apns_production":false}}, times:1
Send POST https://api.jpush.cn/v3/push, body:{"platform":["android"],"audience":{"registration_id":["13065ffa4e092621d31"]},"notification":{"alert":" \u9f13\u52b1\u4e86\u4f60"},"options":{"sendno":793467183,"apns_production":false}}, times:1
Send POST https://api.jpush.cn/v3/push, body:{"platform":["android"],"audience":{"registration_id":["0004be83151"]},"notification":{"alert":" \u9f13\u52b1\u4e86\u4f60"},"options":{"sendno":1864830441,"apns_production":false}}, times:1
Send POST https://api.jpush.cn/v3/push, body:{"platform":["ios"],"audience":{"registration_id":["141fe1da9eaba881c1a"]},"notification":{"alert":" \u9f13\u52b1\u4e86\u4f60"},"options":{"sendno":3902398451,"apns_production":false}}, times:1
Send POST https://api.jpush.cn/v3/push, body:{"platform":["android"],"audience":{"registration_id":["13065ffa4e092621d31"]},"notification":{"alert":"DYQAQ \u9f13\u52b1\u4e86\u4f60"},"options":{"sendno":3079370252,"apns_production":false}}, times:1
Send POST https://api.jpush.cn/v3/push, body:{"platform":["android"],"audience":{"registration_id":["0004be83151"]},"notification":{"alert":"DYQAQ \u9f13\u52b1\u4e86\u4f60"},"options":{"sendno":1657016924,"apns_production":false}}, times:1
Send POST https://api.jpush.cn/v3/push, body:{"platform":["ios"],"audience":{"registration_id":["141fe1da9eaba881c1a"]},"notification":{"alert":"DYQAQ \u9f13\u52b1\u4e86\u4f60"},"options":{"sendno":1567012172,"apns_production":false}}, times:1
Send POST https://api.jpush.cn/v3/push, body:{"platform":["android"],"audience":{"registration_id":["13065ffa4e092621d31"]},"notification":{"alert":" \u9f13\u52b1\u4e86\u4f60"},"options":{"sendno":50050284,"apns_production":false}}, times:1
Send POST https://api.jpush.cn/v3/push, body:{"platform":["android"],"audience":{"registration_id":["0004be83151"]},"notification":{"alert":" \u9f13\u52b1\u4e86\u4f60"},"options":{"sendno":1290343520,"apns_production":false}}, times:1
Send POST https://api.jpush.cn/v3/push, body:{"platform":["ios"],"audience":{"registration_id":["141fe1da9eaba881c1a"]},"notification":{"alert":" \u9f13\u52b1\u4e86\u4f60"},"options":{"sendno":1636888533,"apns_production":false}}, times:1
Send POST https://api.jpush.cn/v3/push, body:{"platform":["android"],"audience":{"registration_id":["13065ffa4e092621d31"]},"notification":{"alert":" \u9f13\u52b1\u4e86\u4f60"},"options":{"sendno":2437920854,"apns_production":false}}, times:1
Send POST https://api.jpush.cn/v3/push, body:{"platform":["android"],"audience":{"registration_id":["0004be83151"]},"notification":{"alert":" \u9f13\u52b1\u4e86\u4f60"},"options":{"sendno":3522806639,"apns_production":false}}, times:1
Send POST https://api.jpush.cn/v3/push, body:{"platform":["ios"],"audience":{"registration_id":["141fe1da9eaba881c1a"]},"notification":{"alert":" \u9f13\u52b1\u4e86\u4f60"},"options":{"sendno":1697726178,"apns_production":false}}, times:1
Send POST https://api.jpush.cn/v3/push, body:{"platform":["android"],"audience":{"registration_id":["13065ffa4e092621d31"]},"notification":{"alert":"\u672b\u5c0f\u5915 \u9f13\u52b1\u4e86\u4f60"},"options":{"sendno":3382984651,"apns_production":false}}, times:1
Send POST https://api.jpush.cn/v3/push, body:{"platform":["android"],"audience":{"registration_id":["0004be83151"]},"notification":{"alert":"\u672b\u5c0f\u5915 \u9f13\u52b1\u4e86\u4f60"},"options":{"sendno":849880629,"apns_production":false}}, times:1
Send POST https://api.jpush.cn/v3/push, body:{"platform":["ios"],"audience":{"registration_id":["141fe1da9eaba881c1a"]},"notification":{"alert":"\u672b\u5c0f\u5915 \u9f13\u52b1\u4e86\u4f60"},"options":{"sendno":1529677115,"apns_production":false}}, times:1
Send POST https://api.jpush.cn/v3/push, body:{"platform":["android"],"audience":{"registration_id":["13065ffa4e092621d31"]},"notification":{"alert":" \u9f13\u52b1\u4e86\u4f60"},"options":{"sendno":2094942448,"apns_production":false}}, times:1
Send POST https://api.jpush.cn/v3/push, body:{"platform":["android"],"audience":{"registration_id":["0004be83151"]},"notification":{"alert":" \u9f13\u52b1\u4e86\u4f60"},"options":{"sendno":3017483601,"apns_production":false}}, times:1
Send POST https://api.jpush.cn/v3/push, body:{"platform":["ios"],"audience":{"registration_id":["141fe1da9eaba881c1a"]},"notification":{"alert":" \u9f13\u52b1\u4e86\u4f60"},"options":{"sendno":874912083,"apns_production":false}}, times:1
Send POST https://api.jpush.cn/v3/push, body:{"platform":["android"],"audience":{"registration_id":["13065ffa4e092621d31"]},"notification":{"alert":" \u9f13\u52b1\u4e86\u4f60"},"options":{"sendno":3733480912,"apns_production":false}}, times:1
Send POST https://api.jpush.cn/v3/push, body:{"platform":["android"],"audience":{"registration_id":["0004be83151"]},"notification":{"alert":" \u9f13\u52b1\u4e86\u4f60"},"options":{"sendno":1957798309,"apns_production":false}}, times:1
Send POST https://api.jpush.cn/v3/push, body:{"platform":["ios"],"audience":{"registration_id":["141fe1da9eaba881c1a"]},"notification":{"alert":" \u9f13\u52b1\u4e86\u4f60"},"options":{"sendno":2899431318,"apns_production":false}}, times:1
Send POST https://api.jpush.cn/v3/push, body:{"platform":["ios"],"audience":{"registration_id":["141fe1da9eaba881c1a"]},"notification":{"alert":"xx \u9f13\u52b1\u4e86\u4f60"},"options":{"sendno":2631408811,"apns_production":false}}, times:1
Send POST https://api.jpush.cn/v3/push, body:{"platform":["ios"],"audience":{"registration_id":["141fe1da9eaba881c1a"]},"notification":{"alert":"xx \u9f13\u52b1\u4e86\u4f60"},"options":{"sendno":3516711463,"apns_production":true}}, times:1
Send POST https://api.jpush.cn/v3/push, body:{"platform":["ios"],"audience":{"registration_id":["1a1018970aafbd9f605"]},"notification":{"alert":"\u65b0\u7684\u4e00\u5929\u53c8\u5f00\u59cb\u4e86,\u4f60\u6709\u51e0\u4e2a\u76ee\u6807\u5df2\u7ecf\u8d85\u8fc77\u5929\u672a\u6253\u5361,\u8d76\u5feb\u5b89\u6392\u4e00\u4e0b\u5427~"},"options":{"sendno":2206179016,"apns_production":true}}, times:1
Send POST https://api.jpush.cn/v3/push, body:{"platform":["ios"],"audience":{"registration_id":["141fe1da9eaba881c1a"]},"notification":{"alert":"\u65b0\u7684\u4e00\u5929\u53c8\u5f00\u59cb\u4e86,\u4f60\u6709\u51e0\u4e2a\u76ee\u6807\u5df2\u7ecf\u8d85\u8fc77\u5929\u672a\u6253\u5361,\u8d76\u5feb\u5b89\u6392\u4e00\u4e0b\u5427~"},"options":{"sendno":2594609209,"apns_production":true}}, times:1
Send POST https://api.jpush.cn/v3/push, body:{"platform":["ios"],"audience":{"registration_id":["01156f8d8fd"]},"notification":{"alert":"\u65b0\u7684\u4e00\u5929\u53c8\u5f00\u59cb\u4e86,\u4f60\u6709\u51e0\u4e2a\u76ee\u6807\u5df2\u7ecf\u8d85\u8fc77\u5929\u672a\u6253\u5361,\u8d76\u5feb\u5b89\u6392\u4e00\u4e0b\u5427~"},"options":{"sendno":1478287784,"apns_production":true}}, times:1
Send POST https://api.jpush.cn/v3/push, body:{"platform":["android"],"audience":{"registration_id":["0004be83151"]},"notification":{"alert":"\u65b0\u7684\u4e00\u5929\u53c8\u5f00\u59cb\u4e86,\u4f60\u6709\u51e0\u4e2a\u76ee\u6807\u5df2\u7ecf\u8d85\u8fc77\u5929\u672a\u6253\u5361,\u8d76\u5feb\u5b89\u6392\u4e00\u4e0b\u5427~"},"options":{"sendno":1328391534,"apns_production":true}}, times:1
Send POST https://api.jpush.cn/v3/push, body:{"platform":["android"],"audience":{"registration_id":["13065ffa4e092621d31"]},"notification":{"alert":"\u65b0\u7684\u4e00\u5929\u53c8\u5f00\u59cb\u4e86,\u4f60\u6709\u51e0\u4e2a\u76ee\u6807\u5df2\u7ecf\u8d85\u8fc77\u5929\u672a\u6253\u5361,\u8d76\u5feb\u5b89\u6392\u4e00\u4e0b\u5427~"},"options":{"sendno":1232877140,"apns_production":true}}, times:1
Send POST https://api.jpush.cn/v3/push, body:{"platform":["android"],"audience":{"registration_id":["0303551e19e"]},"notification":{"alert":"\u65b0\u7684\u4e00\u5929\u53c8\u5f00\u59cb\u4e86,\u4f60\u6709\u51e0\u4e2a\u76ee\u6807\u5df2\u7ecf\u8d85\u8fc77\u5929\u672a\u6253\u5361,\u8d76\u5feb\u5b89\u6392\u4e00\u4e0b\u5427~"},"options":{"sendno":824370333,"apns_production":true}}, times:1
Send POST https://api.jpush.cn/v3/push, body:{"platform":["android"],"audience":{"registration_id":["1507bfd3f7c6112ff4e"]},"notification":{"alert":"\u65b0\u7684\u4e00\u5929\u53c8\u5f00\u59cb\u4e86,\u4f60\u6709\u51e0\u4e2a\u76ee\u6807\u5df2\u7ecf\u8d85\u8fc77\u5929\u672a\u6253\u5361,\u8d76\u5feb\u5b89\u6392\u4e00\u4e0b\u5427~"},"options":{"sendno":1682314211,"apns_production":true}}, times:1
