Send POST https://api.jpush.cn/v3/push, body:{"platform":["ios"],"audience":{"registration_id":["141fe1da9eaba881c1a"]},"notification":{"alert":"\u56ed\u56ed\u90d1 \u8bc4\u8bba\u4e86\u4f60"},"options":{"sendno":3385094152,"apns_production":true}}, times:1
Send POST https://api.jpush.cn/v3/push, body:{"platform":["ios"],"audience":{"registration_id":["141fe1da9eaba881c1a"]},"notification":{"alert":"Yuan \u9f13\u52b1\u4e86\u4f60"},"options":{"sendno":2997399877,"apns_production":true}}, times:1
Send POST https://api.jpush.cn/v3/push, body:{"platform":["ios"],"audience":{"registration_id":["141fe1da9eaba881c1a"]},"notification":{"alert":"Jason.z \u9f13\u52b1\u4e86\u4f60"},"options":{"sendno":1442632284,"apns_production":true}}, times:1
Send POST https://api.jpush.cn/v3/push, body:{"platform":["ios"],"audience":{"registration_id":["01156f8d8fd"]},"notification":{"alert":"Jason.z \u9f13\u52b1\u4e86\u4f60"},"options":{"sendno":3838795790,"apns_production":true}}, times:1
Send POST https://api.jpush.cn/v3/push, body:{"platform":["android"],"audience":{"registration_id":["0004be83151"]},"notification":{"alert":"Jason.z \u9f13\u52b1\u4e86\u4f60"},"options":{"sendno":3990660478,"apns_production":true}}, times:1
Send POST https://api.jpush.cn/v3/push, body:{"platform":["android"],"audience":{"registration_id":["13065ffa4e092621d31"]},"notification":{"alert":"Jason.z \u9f13\u52b1\u4e86\u4f60"},"options":{"sendno":295932603,"apns_production":true}}, times:1
Send POST https://api.jpush.cn/v3/push, body:{"platform":["ios"],"audience":{"registration_id":["1a1018970aafbd9f605"]},"notification":{"alert":"Jason.z \u9f13\u52b1\u4e86\u4f60"},"options":{"sendno":1512521055,"apns_production":true}}, times:1
Send POST https://api.jpush.cn/v3/push, body:{"platform":["ios"],"audience":{"registration_id":["141fe1da9eaba881c1a"]},"notification":{"alert":"Jason.z \u9f13\u52b1\u4e86\u4f60"},"options":{"sendno":3002977439,"apns_production":true}}, times:1
Send POST https://api.jpush.cn/v3/push, body:{"platform":["ios"],"audience":{"registration_id":["01156f8d8fd"]},"notification":{"alert":"Jason.z \u9f13\u52b1\u4e86\u4f60"},"options":{"sendno":371250426,"apns_production":true}}, times:1
Send POST https://api.jpush.cn/v3/push, body:{"platform":["android"],"audience":{"registration_id":["0004be83151"]},"notification":{"alert":"Jason.z \u9f13\u52b1\u4e86\u4f60"},"options":{"sendno":1183804022,"apns_production":true}}, times:1
Send POST https://api.jpush.cn/v3/push, body:{"platform":["android"],"audience":{"registration_id":["13065ffa4e092621d31"]},"notification":{"alert":"Jason.z \u9f13\u52b1\u4e86\u4f60"},"options":{"sendno":2691357723,"apns_production":true}}, times:1
Send POST https://api.jpush.cn/v3/push, body:{"platform":["android"],"audience":{"registration_id":["1a0018970aafd64e354"]},"notification":{"alert":"Jason.z \u9f13\u52b1\u4e86\u4f60"},"options":{"sendno":332146374,"apns_production":true}}, times:1
Send POST https://api.jpush.cn/v3/push, body:{"platform":["android"],"audience":{"registration_id":["1a0018970aafd64e354"]},"notification":{"alert":"Jason.z \u9f13\u52b1\u4e86\u4f60"},"options":{"sendno":388354387,"apns_production":true}}, times:1
Send POST https://api.jpush.cn/v3/push, body:{"platform":["android"],"audience":{"registration_id":["100d8559094e25af8ce"]},"notification":{"alert":"Jason.z \u9f13\u52b1\u4e86\u4f60"},"options":{"sendno":2252126366,"apns_production":true}}, times:1
Send POST https://api.jpush.cn/v3/push, body:{"platform":["ios"],"audience":{"registration_id":["1114a89792a083fe626"]},"notification":{"alert":"Jason.z \u9f13\u52b1\u4e86\u4f60"},"options":{"sendno":1789823048,"apns_production":true}}, times:1
Send POST https://api.jpush.cn/v3/push, body:{"platform":["ios"],"audience":{"registration_id":["1a1018970aafbd9f605"]},"notification":{"alert":"Jason.z \u9f13\u52b1\u4e86\u4f60"},"options":{"sendno":3748934332,"apns_production":true}}, times:1
Send POST https://api.jpush.cn/v3/push, body:{"platform":["ios"],"audience":{"registration_id":["141fe1da9eaba881c1a"]},"notification":{"alert":"Jason.z \u9f13\u52b1\u4e86\u4f60"},"options":{"sendno":2754227515,"apns_production":true}}, times:1
Send POST https://api.jpush.cn/v3/push, body:{"platform":["ios"],"audience":{"registration_id":["01156f8d8fd"]},"notification":{"alert":"Jason.z \u9f13\u52b1\u4e86\u4f60"},"options":{"sendno":1346096990,"apns_production":true}}, times:1
Send POST https://api.jpush.cn/v3/push, body:{"platform":["android"],"audience":{"registration_id":["0004be83151"]},"notification":{"alert":"Jason.z \u9f13\u52b1\u4e86\u4f60"},"options":{"sendno":1336254321,"apns_production":true}}, times:1
Send POST https://api.jpush.cn/v3/push, body:{"platform":["android"],"audience":{"registration_id":["13065ffa4e092621d31"]},"notification":{"alert":"Jason.z \u9f13\u52b1\u4e86\u4f60"},"options":{"sendno":769166441,"apns_production":true}}, times:1
Send POST https://api.jpush.cn/v3/push, body:{"platform":["ios"],"audience":{"registration_id":["1114a89792a083fe626"]},"notification":{"alert":"Jason.z \u9f13\u52b1\u4e86\u4f60"},"options":{"sendno":2969580535,"apns_production":true}}, times:1
Send POST https://api.jpush.cn/v3/push, body:{"platform":["android"],"audience":{"registration_id":["190e35f7e04b8f4cb5f"]},"notification":{"alert":"Jason.z \u9f13\u52b1\u4e86\u4f60"},"options":{"sendno":3451807380,"apns_production":true}}, times:1
Send POST https://api.jpush.cn/v3/push, body:{"platform":["ios"],"audience":{"registration_id":["1114a89792a083fe626"]},"notification":{"alert":"Jason.z \u9f13\u52b1\u4e86\u4f60"},"options":{"sendno":3848232166,"apns_production":true}}, times:1
Send POST https://api.jpush.cn/v3/push, body:{"platform":["android"],"audience":{"registration_id":["1104a89792a79dada1c"]},"notification":{"alert":"Jason.z \u9f13\u52b1\u4e86\u4f60"},"options":{"sendno":3028893794,"apns_production":true}}, times:1
Send POST https://api.jpush.cn/v3/push, body:{"platform":["android"],"audience":{"registration_id":["190e35f7e04b8f4cb5f"]},"notification":{"alert":"Jason.z \u9f13\u52b1\u4e86\u4f60"},"options":{"sendno":2753220664,"apns_production":true}}, times:1
Send POST https://api.jpush.cn/v3/push, body:{"platform":["android"],"audience":{"registration_id":["190e35f7e04b8f4cb5f"]},"notification":{"alert":"Jason.z \u8bc4\u8bba\u4e86\u4f60"},"options":{"sendno":3103028159,"apns_production":true}}, times:1
Send POST https://api.jpush.cn/v3/push, body:{"platform":["android"],"audience":{"registration_id":["190e35f7e04b8f4cb5f"]},"notification":{"alert":"Jason.z \u9f13\u52b1\u4e86\u4f60"},"options":{"sendno":768211699,"apns_production":true}}, times:1
Send POST https://api.jpush.cn/v3/push, body:{"platform":["android"],"audience":{"registration_id":["190e35f7e04b8f4cb5f"]},"notification":{"alert":"Jason.z \u9f13\u52b1\u4e86\u4f60"},"options":{"sendno":2921444343,"apns_production":true}}, times:1
Send POST https://api.jpush.cn/v3/push, body:{"platform":["android"],"audience":{"registration_id":["190e35f7e04b8f4cb5f"]},"notification":{"alert":"Jason.z \u9f13\u52b1\u4e86\u4f60"},"options":{"sendno":447295503,"apns_production":true}}, times:1
Send POST https://api.jpush.cn/v3/push, body:{"platform":["ios"],"audience":{"registration_id":[""]},"notification":{"alert":"Jason.z \u9f13\u52b1\u4e86\u4f60"},"options":{"sendno":2903605595,"apns_production":true}}, times:1
Send POST https://api.jpush.cn/v3/push, body:{"platform":["ios"],"audience":{"registration_id":["1114a89792a083fe626"]},"notification":{"alert":"Jason.z \u9f13\u52b1\u4e86\u4f60"},"options":{"sendno":3160717876,"apns_production":true}}, times:1
Send POST https://api.jpush.cn/v3/push, body:{"platform":["android"],"audience":{"registration_id":["170976fa8a8e363d54f"]},"notification":{"alert":"Jason.z \u9f13\u52b1\u4e86\u4f60"},"options":{"sendno":294130909,"apns_production":true}}, times:1
Send POST https://api.jpush.cn/v3/push, body:{"platform":["android"],"audience":{"registration_id":["190e35f7e04b8f4cb5f"]},"notification":{"alert":"Jason.z \u9f13\u52b1\u4e86\u4f60"},"options":{"sendno":2212256782,"apns_production":true}}, times:1
Send POST https://api.jpush.cn/v3/push, body:{"platform":["ios"],"audience":{"registration_id":["1a1018970aafbd9f605"]},"notification":{"alert":"\u4f60\u7684\u53cd\u9988\u5df2\u6536\u5230\u56de\u590d"},"options":{"sendno":3815311173,"apns_production":true}}, times:1
Send POST https://api.jpush.cn/v3/push, body:{"platform":["ios"],"audience":{"registration_id":["01156f8d8fd"]},"notification":{"alert":"\u4f60\u7684\u53cd\u9988\u5df2\u6536\u5230\u56de\u590d"},"options":{"sendno":307592186,"apns_production":true}}, times:1
Send POST https://api.jpush.cn/v3/push, body:{"platform":["android"],"audience":{"registration_id":["0004be83151"]},"notification":{"alert":"\u4f60\u7684\u53cd\u9988\u5df2\u6536\u5230\u56de\u590d"},"options":{"sendno":749709076,"apns_production":true}}, times:1
Send POST https://api.jpush.cn/v3/push, body:{"platform":["ios"],"audience":{"registration_id":["141fe1da9eaba881c1a"]},"notification":{"alert":"\u4f60\u7684\u53cd\u9988\u5df2\u6536\u5230\u56de\u590d"},"options":{"sendno":3860131575,"apns_production":true}}, times:1
Send POST https://api.jpush.cn/v3/push, body:{"platform":["ios"],"audience":{"registration_id":["01156f8d8fd"]},"notification":{"alert":"\u4f60\u7684\u53cd\u9988\u5df2\u6536\u5230\u56de\u590d"},"options":{"sendno":344551065,"apns_production":true}}, times:1
Send POST https://api.jpush.cn/v3/push, body:{"platform":["android"],"audience":{"registration_id":["13065ffa4e092621d31"]},"notification":{"alert":"\u4f60\u7684\u53cd\u9988\u5df2\u6536\u5230\u56de\u590d"},"options":{"sendno":2023066751,"apns_production":true}}, times:1
Send POST https://api.jpush.cn/v3/push, body:{"platform":["ios"],"audience":{"registration_id":["1a1018970aafbd9f605"]},"notification":{"alert":"\u4f60\u7684\u53cd\u9988\u5df2\u6536\u5230\u56de\u590d"},"options":{"sendno":681071542,"apns_production":true}}, times:1
Send POST https://api.jpush.cn/v3/push, body:{"platform":["ios"],"audience":{"registration_id":["01156f8d8fd"]},"notification":{"alert":"\u4f60\u7684\u53cd\u9988\u5df2\u6536\u5230\u56de\u590d"},"options":{"sendno":2608238820,"apns_production":true}}, times:1
Send POST https://api.jpush.cn/v3/push, body:{"platform":["android"],"audience":{"registration_id":["0004be83151"]},"notification":{"alert":"\u4f60\u7684\u53cd\u9988\u5df2\u6536\u5230\u56de\u590d"},"options":{"sendno":2128779336,"apns_production":true}}, times:1
Send POST https://api.jpush.cn/v3/push, body:{"platform":["ios"],"audience":{"registration_id":["141fe1da9eaba881c1a"]},"notification":{"alert":"\u4f60\u7684\u53cd\u9988\u5df2\u6536\u5230\u56de\u590d"},"options":{"sendno":1924734521,"apns_production":true}}, times:1
Send POST https://api.jpush.cn/v3/push, body:{"platform":["ios"],"audience":{"registration_id":["01156f8d8fd"]},"notification":{"alert":"\u4f60\u7684\u53cd\u9988\u5df2\u6536\u5230\u56de\u590d"},"options":{"sendno":134769766,"apns_production":true}}, times:1
Send POST https://api.jpush.cn/v3/push, body:{"platform":["android"],"audience":{"registration_id":["13065ffa4e092621d31"]},"notification":{"alert":"\u4f60\u7684\u53cd\u9988\u5df2\u6536\u5230\u56de\u590d"},"options":{"sendno":1348187273,"apns_production":true}}, times:1
Send POST https://api.jpush.cn/v3/push, body:{"platform":["ios"],"audience":{"registration_id":["1a1018970aafbd9f605"]},"notification":{"alert":"\u4f60\u7684\u53cd\u9988\u5df2\u6536\u5230\u56de\u590d"},"options":{"sendno":799690548,"apns_production":true}}, times:1
Send POST https://api.jpush.cn/v3/push, body:{"platform":["ios"],"audience":{"registration_id":["01156f8d8fd"]},"notification":{"alert":"\u4f60\u7684\u53cd\u9988\u5df2\u6536\u5230\u56de\u590d"},"options":{"sendno":266809683,"apns_production":true}}, times:1
Send POST https://api.jpush.cn/v3/push, body:{"platform":["android"],"audience":{"registration_id":["0004be83151"]},"notification":{"alert":"\u4f60\u7684\u53cd\u9988\u5df2\u6536\u5230\u56de\u590d"},"options":{"sendno":2126973110,"apns_production":true}}, times:1
Send POST https://api.jpush.cn/v3/push, body:{"platform":["ios"],"audience":{"registration_id":["141fe1da9eaba881c1a"]},"notification":{"alert":"\u4f60\u7684\u53cd\u9988\u5df2\u6536\u5230\u56de\u590d"},"options":{"sendno":2864731444,"apns_production":true}}, times:1
Send POST https://api.jpush.cn/v3/push, body:{"platform":["ios"],"audience":{"registration_id":["01156f8d8fd"]},"notification":{"alert":"\u4f60\u7684\u53cd\u9988\u5df2\u6536\u5230\u56de\u590d"},"options":{"sendno":2368498588,"apns_production":true}}, times:1
Send POST https://api.jpush.cn/v3/push, body:{"platform":["android"],"audience":{"registration_id":["13065ffa4e092621d31"]},"notification":{"alert":"\u4f60\u7684\u53cd\u9988\u5df2\u6536\u5230\u56de\u590d"},"options":{"sendno":1122061118,"apns_production":true}}, times:1
Send POST https://api.jpush.cn/v3/push, body:{"platform":["android"],"audience":{"registration_id":["1a0018970aafd64e354"]},"notification":{"alert":"Jason.z \u9f13\u52b1\u4e86\u4f60"},"options":{"sendno":2189052354,"apns_production":true}}, times:1
Send POST https://api.jpush.cn/v3/push, body:{"platform":["android"],"audience":{"registration_id":["1507bfd3f7c9ee23764"]},"notification":{"alert":"Jason.z \u9f13\u52b1\u4e86\u4f60"},"options":{"sendno":412520827,"apns_production":true}}, times:1
Send POST https://api.jpush.cn/v3/push, body:{"platform":["android"],"audience":{"registration_id":[""]},"notification":{"alert":"Jason.z \u9f13\u52b1\u4e86\u4f60"},"options":{"sendno":2200529485,"apns_production":true}}, times:1
Send POST https://api.jpush.cn/v3/push, body:{"platform":["android"],"audience":{"registration_id":["1a0018970aa894ce522"]},"notification":{"alert":"\u4f60\u7684\u53cd\u9988\u5df2\u6536\u5230\u56de\u590d"},"options":{"sendno":3568398656,"apns_production":true}}, times:1
Send POST https://api.jpush.cn/v3/push, body:{"platform":["android"],"audience":{"registration_id":["13065ffa4e0630635d8"]},"notification":{"alert":"\u4f60\u7684\u53cd\u9988\u5df2\u6536\u5230\u56de\u590d"},"options":{"sendno":364024288,"apns_production":true}}, times:1
Send POST https://api.jpush.cn/v3/push, body:{"platform":["android"],"audience":{"registration_id":["120c83f7602a888ab77"]},"notification":{"alert":"\u4f60\u7684\u53cd\u9988\u5df2\u6536\u5230\u56de\u590d"},"options":{"sendno":1190406339,"apns_production":true}}, times:1
Send POST https://api.jpush.cn/v3/push, body:{"platform":["android"],"audience":{"registration_id":["18071adc03033095af5"]},"notification":{"alert":"\u4f60\u7684\u53cd\u9988\u5df2\u6536\u5230\u56de\u590d"},"options":{"sendno":3455106060,"apns_production":true}}, times:1
Send POST https://api.jpush.cn/v3/push, body:{"platform":["android"],"audience":{"registration_id":["18071adc03033095af5"]},"notification":{"alert":"\u4f60\u7684\u53cd\u9988\u5df2\u6536\u5230\u56de\u590d"},"options":{"sendno":3976981530,"apns_production":true}}, times:1
Send POST https://api.jpush.cn/v3/push, body:{"platform":["android"],"audience":{"registration_id":["18071adc030333e7388"]},"notification":{"alert":"\u4f60\u7684\u53cd\u9988\u5df2\u6536\u5230\u56de\u590d"},"options":{"sendno":1167575928,"apns_production":true}}, times:1
Send POST https://api.jpush.cn/v3/push, body:{"platform":["android"],"audience":{"registration_id":[""]},"notification":{"alert":"\u4f60\u7684\u53cd\u9988\u5df2\u6536\u5230\u56de\u590d"},"options":{"sendno":995140659,"apns_production":true}}, times:1
Send POST https://api.jpush.cn/v3/push, body:{"platform":["android"],"audience":{"registration_id":["1a0018970aa855bebb8"]},"notification":{"alert":"\u4f60\u7684\u53cd\u9988\u5df2\u6536\u5230\u56de\u590d"},"options":{"sendno":3912819558,"apns_production":true}}, times:1
Send POST https://api.jpush.cn/v3/push, body:{"platform":["android"],"audience":{"registration_id":["18071adc03032a475b4"]},"notification":{"alert":"\u4f60\u7684\u6253\u5361\u52a8\u6001\u88ab\u6536\u5f55\u4e3a\u7cbe\u9009\u52a8\u6001"},"options":{"sendno":2936387265,"apns_production":true}}, times:1
Send POST https://api.jpush.cn/v3/push, body:{"platform":["ios"],"audience":{"registration_id":["1a1018970aa8ed77569"]},"notification":{"alert":"\u4f60\u7684\u6253\u5361\u52a8\u6001\u88ab\u6536\u5f55\u4e3a\u7cbe\u9009\u52a8\u6001"},"options":{"sendno":4261629657,"apns_production":true}}, times:1
Send POST https://api.jpush.cn/v3/push, body:{"platform":["ios"],"audience":{"registration_id":["1a1018970aa8ed77569"]},"notification":{"alert":"\u4f60\u7684\u6253\u5361\u52a8\u6001\u88ab\u6536\u5f55\u4e3a\u7cbe\u9009\u52a8\u6001"},"options":{"sendno":745828102,"apns_production":true}}, times:1
Send POST https://api.jpush.cn/v3/push, body:{"platform":["ios"],"audience":{"registration_id":["1a1018970aa8ed77569"]},"notification":{"alert":"\u4f60\u7684\u6253\u5361\u52a8\u6001\u88ab\u6536\u5f55\u4e3a\u7cbe\u9009\u52a8\u6001"},"options":{"sendno":3206147922,"apns_production":true}}, times:1
Send POST https://api.jpush.cn/v3/push, body:{"platform":["ios"],"audience":{"registration_id":["1a1018970aa8ed77569"]},"notification":{"alert":"\u4f60\u7684\u6253\u5361\u52a8\u6001\u88ab\u6536\u5f55\u4e3a\u7cbe\u9009\u52a8\u6001"},"options":{"sendno":3079194622,"apns_production":true}}, times:1
Send POST https://api.jpush.cn/v3/push, body:{"platform":["android"],"audience":{"registration_id":["0004be83151"]},"notification":{"alert":"\u4f60\u7684\u6253\u5361\u52a8\u6001\u88ab\u6536\u5f55\u4e3a\u7cbe\u9009\u52a8\u6001"},"options":{"sendno":2914107108,"apns_production":true}}, times:1
Send POST https://api.jpush.cn/v3/push, body:{"platform":["ios"],"audience":{"registration_id":["1a1018970aa8ed77569"]},"notification":{"alert":"\u4f60\u7684\u6253\u5361\u52a8\u6001\u88ab\u6536\u5f55\u4e3a\u7cbe\u9009\u52a8\u6001"},"options":{"sendno":3978139085,"apns_production":true}}, times:1
Send POST https://api.jpush.cn/v3/push, body:{"platform":["ios"],"audience":{"registration_id":["1a1018970aa8ed77569"]},"notification":{"alert":"\u4f60\u7684\u6253\u5361\u52a8\u6001\u88ab\u6536\u5f55\u4e3a\u7cbe\u9009\u52a8\u6001"},"options":{"sendno":23369916,"apns_production":true}}, times:1
Send POST https://api.jpush.cn/v3/push, body:{"platform":["ios"],"audience":{"registration_id":["1a1018970aafbd9f605"]},"notification":{"alert":"\u4f60\u7684\u6253\u5361\u52a8\u6001\u88ab\u6536\u5f55\u4e3a\u7cbe\u9009\u52a8\u6001"},"options":{"sendno":4125645555,"apns_production":true}}, times:1
Send POST https://api.jpush.cn/v3/push, body:{"platform":["ios"],"audience":{"registration_id":["01156f8d8fd"]},"notification":{"alert":"\u4f60\u7684\u6253\u5361\u52a8\u6001\u88ab\u6536\u5f55\u4e3a\u7cbe\u9009\u52a8\u6001"},"options":{"sendno":3459322650,"apns_production":true}}, times:1
Send POST https://api.jpush.cn/v3/push, body:{"platform":["ios"],"audience":{"registration_id":["141fe1da9eaba881c1a"]},"notification":{"alert":"\u4f60\u7684\u6253\u5361\u52a8\u6001\u88ab\u6536\u5f55\u4e3a\u7cbe\u9009\u52a8\u6001"},"options":{"sendno":3274312673,"apns_production":true}}, times:1
Send POST https://api.jpush.cn/v3/push, body:{"platform":["ios"],"audience":{"registration_id":["01156f8d8fd"]},"notification":{"alert":"\u4f60\u7684\u6253\u5361\u52a8\u6001\u88ab\u6536\u5f55\u4e3a\u7cbe\u9009\u52a8\u6001"},"options":{"sendno":1892455714,"apns_production":true}}, times:1
Send POST https://api.jpush.cn/v3/push, body:{"platform":["android"],"audience":{"registration_id":["13065ffa4e092621d31"]},"notification":{"alert":"\u4f60\u7684\u6253\u5361\u52a8\u6001\u88ab\u6536\u5f55\u4e3a\u7cbe\u9009\u52a8\u6001"},"options":{"sendno":3816473214,"apns_production":true}}, times:1
Send POST https://api.jpush.cn/v3/push, body:{"platform":["ios"],"audience":{"registration_id":["1a1018970aa8ed77569"]},"notification":{"alert":"\u4f60\u7684\u6253\u5361\u52a8\u6001\u88ab\u6536\u5f55\u4e3a\u7cbe\u9009\u52a8\u6001"},"options":{"sendno":1980482959,"apns_production":true}}, times:1
Send POST https://api.jpush.cn/v3/push, body:{"platform":["ios"],"audience":{"registration_id":["1a1018970aa8ed77569"]},"notification":{"alert":"\u4f60\u7684\u6253\u5361\u52a8\u6001\u88ab\u6536\u5f55\u4e3a\u7cbe\u9009\u52a8\u6001"},"options":{"sendno":37230871,"apns_production":true}}, times:1
Send POST https://api.jpush.cn/v3/push, body:{"platform":["ios"],"audience":{"registration_id":["1a1018970aa8ed77569"]},"notification":{"alert":"\u4f60\u7684\u6253\u5361\u52a8\u6001\u88ab\u6536\u5f55\u4e3a\u7cbe\u9009\u52a8\u6001"},"options":{"sendno":2049521899,"apns_production":true}}, times:1
Send POST https://api.jpush.cn/v3/push, body:{"platform":["ios"],"audience":{"registration_id":["1a1018970aa8ed77569"]},"notification":{"alert":"\u4f60\u7684\u6253\u5361\u52a8\u6001\u88ab\u6536\u5f55\u4e3a\u7cbe\u9009\u52a8\u6001"},"options":{"sendno":160675333,"apns_production":true}}, times:1
Send POST https://api.jpush.cn/v3/push, body:{"platform":["android"],"audience":{"registration_id":["0004be83151"]},"notification":{"alert":"\u4f60\u7684\u6253\u5361\u52a8\u6001\u88ab\u6536\u5f55\u4e3a\u7cbe\u9009\u52a8\u6001"},"options":{"sendno":285255748,"apns_production":true}}, times:1
Send POST https://api.jpush.cn/v3/push, body:{"platform":["ios"],"audience":{"registration_id":["1a1018970aa8ed77569"]},"notification":{"alert":"\u4f60\u7684\u6253\u5361\u52a8\u6001\u88ab\u6536\u5f55\u4e3a\u7cbe\u9009\u52a8\u6001"},"options":{"sendno":1584536876,"apns_production":true}}, times:1
Send POST https://api.jpush.cn/v3/push, body:{"platform":["ios"],"audience":{"registration_id":["1a1018970aa8ed77569"]},"notification":{"alert":"\u4f60\u7684\u6253\u5361\u52a8\u6001\u88ab\u6536\u5f55\u4e3a\u7cbe\u9009\u52a8\u6001"},"options":{"sendno":2577884913,"apns_production":true}}, times:1
Send POST https://api.jpush.cn/v3/push, body:{"platform":["ios"],"audience":{"registration_id":["1a1018970aafbd9f605"]},"notification":{"alert":"\u4f60\u7684\u6253\u5361\u52a8\u6001\u88ab\u6536\u5f55\u4e3a\u7cbe\u9009\u52a8\u6001"},"options":{"sendno":3311482342,"apns_production":true}}, times:1
Send POST https://api.jpush.cn/v3/push, body:{"platform":["ios"],"audience":{"registration_id":["01156f8d8fd"]},"notification":{"alert":"\u4f60\u7684\u6253\u5361\u52a8\u6001\u88ab\u6536\u5f55\u4e3a\u7cbe\u9009\u52a8\u6001"},"options":{"sendno":610187156,"apns_production":true}}, times:1
Send POST https://api.jpush.cn/v3/push, body:{"platform":["ios"],"audience":{"registration_id":["141fe1da9eaba881c1a"]},"notification":{"alert":"\u4f60\u7684\u6253\u5361\u52a8\u6001\u88ab\u6536\u5f55\u4e3a\u7cbe\u9009\u52a8\u6001"},"options":{"sendno":1734848214,"apns_production":true}}, times:1
Send POST https://api.jpush.cn/v3/push, body:{"platform":["ios"],"audience":{"registration_id":["01156f8d8fd"]},"notification":{"alert":"\u4f60\u7684\u6253\u5361\u52a8\u6001\u88ab\u6536\u5f55\u4e3a\u7cbe\u9009\u52a8\u6001"},"options":{"sendno":1365780007,"apns_production":true}}, times:1
Send POST https://api.jpush.cn/v3/push, body:{"platform":["android"],"audience":{"registration_id":["13065ffa4e092621d31"]},"notification":{"alert":"\u4f60\u7684\u6253\u5361\u52a8\u6001\u88ab\u6536\u5f55\u4e3a\u7cbe\u9009\u52a8\u6001"},"options":{"sendno":3556041524,"apns_production":true}}, times:1
Send POST https://api.jpush.cn/v3/push, body:{"platform":["android"],"audience":{"registration_id":["18071adc03032a475b4"]},"notification":{"alert":"\u4f60\u7684\u6253\u5361\u52a8\u6001\u88ab\u6536\u5f55\u4e3a\u7cbe\u9009\u52a8\u6001"},"options":{"sendno":99850325,"apns_production":true}}, times:1
Send POST https://api.jpush.cn/v3/push, body:{"platform":["android"],"audience":{"registration_id":["18071adc030333e7388"]},"notification":{"alert":"\u4f60\u7684\u6253\u5361\u52a8\u6001\u88ab\u6536\u5f55\u4e3a\u7cbe\u9009\u52a8\u6001"},"options":{"sendno":1051940087,"apns_production":true}}, times:1
Send POST https://api.jpush.cn/v3/push, body:{"platform":["ios"],"audience":{"registration_id":["1a1018970aa8ed77569"]},"notification":{"alert":"\u4f60\u7684\u6253\u5361\u52a8\u6001\u88ab\u6536\u5f55\u4e3a\u7cbe\u9009\u52a8\u6001"},"options":{"sendno":1213069785,"apns_production":true}}, times:1
Send POST https://api.jpush.cn/v3/push, body:{"platform":["ios"],"audience":{"registration_id":["1a1018970aa8ed77569"]},"notification":{"alert":"\u4f60\u7684\u6253\u5361\u52a8\u6001\u88ab\u6536\u5f55\u4e3a\u7cbe\u9009\u52a8\u6001"},"options":{"sendno":2454412456,"apns_production":true}}, times:1
Send POST https://api.jpush.cn/v3/push, body:{"platform":["ios"],"audience":{"registration_id":["1a1018970aa8ed77569"]},"notification":{"alert":"\u4f60\u7684\u6253\u5361\u52a8\u6001\u88ab\u6536\u5f55\u4e3a\u7cbe\u9009\u52a8\u6001"},"options":{"sendno":2653873137,"apns_production":true}}, times:1
Send POST https://api.jpush.cn/v3/push, body:{"platform":["ios"],"audience":{"registration_id":["1a1018970aa8ed77569"]},"notification":{"alert":"\u4f60\u7684\u6253\u5361\u52a8\u6001\u88ab\u6536\u5f55\u4e3a\u7cbe\u9009\u52a8\u6001"},"options":{"sendno":2655347259,"apns_production":true}}, times:1
Send POST https://api.jpush.cn/v3/push, body:{"platform":["android"],"audience":{"registration_id":["0004be83151"]},"notification":{"alert":"\u4f60\u7684\u6253\u5361\u52a8\u6001\u88ab\u6536\u5f55\u4e3a\u7cbe\u9009\u52a8\u6001"},"options":{"sendno":557089563,"apns_production":true}}, times:1
Send POST https://api.jpush.cn/v3/push, body:{"platform":["ios"],"audience":{"registration_id":["1a1018970aa8ed77569"]},"notification":{"alert":"\u4f60\u7684\u6253\u5361\u52a8\u6001\u88ab\u6536\u5f55\u4e3a\u7cbe\u9009\u52a8\u6001"},"options":{"sendno":3804350772,"apns_production":true}}, times:1
Send POST https://api.jpush.cn/v3/push, body:{"platform":["ios"],"audience":{"registration_id":["1a1018970aa8ed77569"]},"notification":{"alert":"\u4f60\u7684\u6253\u5361\u52a8\u6001\u88ab\u6536\u5f55\u4e3a\u7cbe\u9009\u52a8\u6001"},"options":{"sendno":2419912605,"apns_production":true}}, times:1
Send POST https://api.jpush.cn/v3/push, body:{"platform":["ios"],"audience":{"registration_id":["1a1018970aafbd9f605"]},"notification":{"alert":"\u4f60\u7684\u6253\u5361\u52a8\u6001\u88ab\u6536\u5f55\u4e3a\u7cbe\u9009\u52a8\u6001"},"options":{"sendno":2124547348,"apns_production":true}}, times:1
Send POST https://api.jpush.cn/v3/push, body:{"platform":["ios"],"audience":{"registration_id":["01156f8d8fd"]},"notification":{"alert":"\u4f60\u7684\u6253\u5361\u52a8\u6001\u88ab\u6536\u5f55\u4e3a\u7cbe\u9009\u52a8\u6001"},"options":{"sendno":2778408522,"apns_production":true}}, times:1
Send POST https://api.jpush.cn/v3/push, body:{"platform":["ios"],"audience":{"registration_id":["141fe1da9eaba881c1a"]},"notification":{"alert":"\u4f60\u7684\u6253\u5361\u52a8\u6001\u88ab\u6536\u5f55\u4e3a\u7cbe\u9009\u52a8\u6001"},"options":{"sendno":3606503239,"apns_production":true}}, times:1
Send POST https://api.jpush.cn/v3/push, body:{"platform":["ios"],"audience":{"registration_id":["01156f8d8fd"]},"notification":{"alert":"\u4f60\u7684\u6253\u5361\u52a8\u6001\u88ab\u6536\u5f55\u4e3a\u7cbe\u9009\u52a8\u6001"},"options":{"sendno":2387999796,"apns_production":true}}, times:1
Send POST https://api.jpush.cn/v3/push, body:{"platform":["android"],"audience":{"registration_id":["13065ffa4e092621d31"]},"notification":{"alert":"\u4f60\u7684\u6253\u5361\u52a8\u6001\u88ab\u6536\u5f55\u4e3a\u7cbe\u9009\u52a8\u6001"},"options":{"sendno":2382465265,"apns_production":true}}, times:1
Send POST https://api.jpush.cn/v3/push, body:{"platform":["android"],"audience":{"registration_id":["18071adc030333e7388"]},"notification":{"alert":"\u4f60\u7684\u6253\u5361\u52a8\u6001\u88ab\u6536\u5f55\u4e3a\u7cbe\u9009\u52a8\u6001"},"options":{"sendno":3457639873,"apns_production":true}}, times:1
Send POST https://api.jpush.cn/v3/push, body:{"platform":["android"],"audience":{"registration_id":["18071adc030333e7388"]},"notification":{"alert":"\u4f60\u7684\u6253\u5361\u52a8\u6001\u88ab\u6536\u5f55\u4e3a\u7cbe\u9009\u52a8\u6001"},"options":{"sendno":2437159041,"apns_production":true}}, times:1
Send POST https://api.jpush.cn/v3/push, body:{"platform":["android"],"audience":{"registration_id":["18071adc030333e7388"]},"notification":{"alert":"\u4f60\u7684\u6253\u5361\u52a8\u6001\u88ab\u6536\u5f55\u4e3a\u7cbe\u9009\u52a8\u6001"},"options":{"sendno":1581638729,"apns_production":true}}, times:1
Send POST https://api.jpush.cn/v3/push, body:{"platform":["android"],"audience":{"registration_id":["1a0018970aafd64e354"]},"notification":{"alert":"\u4f60\u7684\u6253\u5361\u52a8\u6001\u88ab\u6536\u5f55\u4e3a\u7cbe\u9009\u52a8\u6001"},"options":{"sendno":3289303890,"apns_production":true}}, times:1
Send POST https://api.jpush.cn/v3/push, body:{"platform":["android"],"audience":{"registration_id":["18071adc030333e7388"]},"notification":{"alert":"\u4f60\u7684\u6253\u5361\u52a8\u6001\u88ab\u6536\u5f55\u4e3a\u7cbe\u9009\u52a8\u6001"},"options":{"sendno":2461924713,"apns_production":true}}, times:1
Send POST https://api.jpush.cn/v3/push, body:{"platform":["android"],"audience":{"registration_id":["18071adc030333e7388"]},"notification":{"alert":"\u4f60\u7684\u6253\u5361\u52a8\u6001\u88ab\u6536\u5f55\u4e3a\u7cbe\u9009\u52a8\u6001"},"options":{"sendno":3530535171,"apns_production":true}}, times:1
Send POST https://api.jpush.cn/v3/push, body:{"platform":["android"],"audience":{"registration_id":["170976fa8a8eb26a666"]},"notification":{"alert":"\u4f60\u7684\u6253\u5361\u52a8\u6001\u88ab\u6536\u5f55\u4e3a\u7cbe\u9009\u52a8\u6001"},"options":{"sendno":933545817,"apns_production":true}}, times:1
Send POST https://api.jpush.cn/v3/push, body:{"platform":["android"],"audience":{"registration_id":["170976fa8a8ecd6dd89"]},"notification":{"alert":"\u4f60\u7684\u6253\u5361\u52a8\u6001\u88ab\u6536\u5f55\u4e3a\u7cbe\u9009\u52a8\u6001"},"options":{"sendno":2944037209,"apns_production":true}}, times:1
Send POST https://api.jpush.cn/v3/push, body:{"platform":["android"],"audience":{"registration_id":["170976fa8a8eb26a666"]},"notification":{"alert":"\u4f60\u7684\u6253\u5361\u52a8\u6001\u88ab\u6536\u5f55\u4e3a\u7cbe\u9009\u52a8\u6001"},"options":{"sendno":1448533718,"apns_production":true}}, times:1
Send POST https://api.jpush.cn/v3/push, body:{"platform":["android"],"audience":{"registration_id":["18071adc030333e7388"]},"notification":{"alert":"\u4f60\u7684\u6253\u5361\u52a8\u6001\u88ab\u6536\u5f55\u4e3a\u7cbe\u9009\u52a8\u6001"},"options":{"sendno":696689868,"apns_production":true}}, times:1
Send POST https://api.jpush.cn/v3/push, body:{"platform":["android"],"audience":{"registration_id":["13065ffa4e0740fa8e9"]},"notification":{"alert":"\u4f60\u7684\u6253\u5361\u52a8\u6001\u88ab\u6536\u5f55\u4e3a\u7cbe\u9009\u52a8\u6001"},"options":{"sendno":1643103662,"apns_production":true}}, times:1
Send POST https://api.jpush.cn/v3/push, body:{"platform":["android"],"audience":{"registration_id":["170976fa8a8eb26a666"]},"notification":{"alert":"\u4f60\u7684\u6253\u5361\u52a8\u6001\u88ab\u6536\u5f55\u4e3a\u7cbe\u9009\u52a8\u6001"},"options":{"sendno":2194243391,"apns_production":true}}, times:1
Send POST https://api.jpush.cn/v3/push, body:{"platform":["android"],"audience":{"registration_id":["0004be83151"]},"notification":{"alert":"\u4f60\u7684\u6253\u5361\u52a8\u6001\u88ab\u6536\u5f55\u4e3a\u7cbe\u9009\u52a8\u6001"},"options":{"sendno":1443712633,"apns_production":true}}, times:1
Send POST https://api.jpush.cn/v3/push, body:{"platform":["android"],"audience":{"registration_id":["13065ffa4e092621d31"]},"notification":{"alert":"\u4f60\u7684\u6253\u5361\u52a8\u6001\u88ab\u6536\u5f55\u4e3a\u7cbe\u9009\u52a8\u6001"},"options":{"sendno":2120288527,"apns_production":true}}, times:1
Send POST https://api.jpush.cn/v3/push, body:{"platform":["android"],"audience":{"registration_id":["120c83f7602b3f351ab"]},"notification":{"alert":"\u4f60\u7684\u6253\u5361\u52a8\u6001\u88ab\u6536\u5f55\u4e3a\u7cbe\u9009\u52a8\u6001"},"options":{"sendno":829808947,"apns_production":true}}, times:1
Send POST https://api.jpush.cn/v3/push, body:{"platform":["ios"],"audience":{"registration_id":["1a1018970aa8ed77569"]},"notification":{"alert":"\u4f60\u7684\u6253\u5361\u52a8\u6001\u88ab\u6536\u5f55\u4e3a\u7cbe\u9009\u52a8\u6001"},"options":{"sendno":232912009,"apns_production":true}}, times:1
Send POST https://api.jpush.cn/v3/push, body:{"platform":["ios"],"audience":{"registration_id":["1a1018970aa8ed77569"]},"notification":{"alert":"\u4f60\u7684\u6253\u5361\u52a8\u6001\u88ab\u6536\u5f55\u4e3a\u7cbe\u9009\u52a8\u6001"},"options":{"sendno":1369630876,"apns_production":true}}, times:1
Send POST https://api.jpush.cn/v3/push, body:{"platform":["ios"],"audience":{"registration_id":["1a1018970aa8ed77569"]},"notification":{"alert":"\u4f60\u7684\u6253\u5361\u52a8\u6001\u88ab\u6536\u5f55\u4e3a\u7cbe\u9009\u52a8\u6001"},"options":{"sendno":1336317133,"apns_production":true}}, times:1
Send POST https://api.jpush.cn/v3/push, body:{"platform":["ios"],"audience":{"registration_id":["1a1018970aa8ed77569"]},"notification":{"alert":"\u4f60\u7684\u6253\u5361\u52a8\u6001\u88ab\u6536\u5f55\u4e3a\u7cbe\u9009\u52a8\u6001"},"options":{"sendno":3698941714,"apns_production":true}}, times:1
Send POST https://api.jpush.cn/v3/push, body:{"platform":["ios"],"audience":{"registration_id":["1a1018970aa8ed77569"]},"notification":{"alert":"\u4f60\u7684\u6253\u5361\u52a8\u6001\u88ab\u6536\u5f55\u4e3a\u7cbe\u9009\u52a8\u6001"},"options":{"sendno":710780698,"apns_production":true}}, times:1
Send POST https://api.jpush.cn/v3/push, body:{"platform":["ios"],"audience":{"registration_id":["1a1018970aa8ed77569"]},"notification":{"alert":"\u4f60\u7684\u6253\u5361\u52a8\u6001\u88ab\u6536\u5f55\u4e3a\u7cbe\u9009\u52a8\u6001"},"options":{"sendno":3246074925,"apns_production":true}}, times:1
Send POST https://api.jpush.cn/v3/push, body:{"platform":["ios"],"audience":{"registration_id":["1a1018970aafbd9f605"]},"notification":{"alert":"\u4f60\u7684\u6253\u5361\u52a8\u6001\u88ab\u6536\u5f55\u4e3a\u7cbe\u9009\u52a8\u6001"},"options":{"sendno":3554629302,"apns_production":true}}, times:1
Send POST https://api.jpush.cn/v3/push, body:{"platform":["ios"],"audience":{"registration_id":["01156f8d8fd"]},"notification":{"alert":"\u4f60\u7684\u6253\u5361\u52a8\u6001\u88ab\u6536\u5f55\u4e3a\u7cbe\u9009\u52a8\u6001"},"options":{"sendno":1907924018,"apns_production":true}}, times:1
Send POST https://api.jpush.cn/v3/push, body:{"platform":["ios"],"audience":{"registration_id":["141fe1da9eaba881c1a"]},"notification":{"alert":"\u4f60\u7684\u6253\u5361\u52a8\u6001\u88ab\u6536\u5f55\u4e3a\u7cbe\u9009\u52a8\u6001"},"options":{"sendno":2998163113,"apns_production":true}}, times:1
Send POST https://api.jpush.cn/v3/push, body:{"platform":["ios"],"audience":{"registration_id":["01156f8d8fd"]},"notification":{"alert":"\u4f60\u7684\u6253\u5361\u52a8\u6001\u88ab\u6536\u5f55\u4e3a\u7cbe\u9009\u52a8\u6001"},"options":{"sendno":2066766678,"apns_production":true}}, times:1
Send POST https://api.jpush.cn/v3/push, body:{"platform":["android"],"audience":{"registration_id":["0004be83151"]},"notification":{"alert":"\u4f60\u7684\u6253\u5361\u52a8\u6001\u88ab\u6536\u5f55\u4e3a\u7cbe\u9009\u52a8\u6001"},"options":{"sendno":1689676542,"apns_production":true}}, times:1
Send POST https://api.jpush.cn/v3/push, body:{"platform":["android"],"audience":{"registration_id":["13065ffa4e092621d31"]},"notification":{"alert":"\u4f60\u7684\u6253\u5361\u52a8\u6001\u88ab\u6536\u5f55\u4e3a\u7cbe\u9009\u52a8\u6001"},"options":{"sendno":2815249490,"apns_production":true}}, times:1
Send POST https://api.jpush.cn/v3/push, body:{"platform":["android"],"audience":{"registration_id":["120c83f7602b3f351ab"]},"notification":{"alert":"\u4f60\u7684\u6253\u5361\u52a8\u6001\u88ab\u6536\u5f55\u4e3a\u7cbe\u9009\u52a8\u6001"},"options":{"sendno":3772800535,"apns_production":true}}, times:1
Send POST https://api.jpush.cn/v3/push, body:{"platform":["ios"],"audience":{"registration_id":["1a1018970aa8ed77569"]},"notification":{"alert":"\u4f60\u7684\u6253\u5361\u52a8\u6001\u88ab\u6536\u5f55\u4e3a\u7cbe\u9009\u52a8\u6001"},"options":{"sendno":1437027420,"apns_production":true}}, times:1
Send POST https://api.jpush.cn/v3/push, body:{"platform":["ios"],"audience":{"registration_id":["1a1018970aa8ed77569"]},"notification":{"alert":"\u4f60\u7684\u6253\u5361\u52a8\u6001\u88ab\u6536\u5f55\u4e3a\u7cbe\u9009\u52a8\u6001"},"options":{"sendno":3857490855,"apns_production":true}}, times:1
Send POST https://api.jpush.cn/v3/push, body:{"platform":["ios"],"audience":{"registration_id":["1a1018970aa8ed77569"]},"notification":{"alert":"\u4f60\u7684\u6253\u5361\u52a8\u6001\u88ab\u6536\u5f55\u4e3a\u7cbe\u9009\u52a8\u6001"},"options":{"sendno":3822619431,"apns_production":true}}, times:1
Send POST https://api.jpush.cn/v3/push, body:{"platform":["ios"],"audience":{"registration_id":["1a1018970aa8ed77569"]},"notification":{"alert":"\u4f60\u7684\u6253\u5361\u52a8\u6001\u88ab\u6536\u5f55\u4e3a\u7cbe\u9009\u52a8\u6001"},"options":{"sendno":2509361500,"apns_production":true}}, times:1
Send POST https://api.jpush.cn/v3/push, body:{"platform":["ios"],"audience":{"registration_id":["1a1018970aa8ed77569"]},"notification":{"alert":"\u4f60\u7684\u6253\u5361\u52a8\u6001\u88ab\u6536\u5f55\u4e3a\u7cbe\u9009\u52a8\u6001"},"options":{"sendno":3851029605,"apns_production":true}}, times:1
Send POST https://api.jpush.cn/v3/push, body:{"platform":["ios"],"audience":{"registration_id":["1a1018970aa8ed77569"]},"notification":{"alert":"\u4f60\u7684\u6253\u5361\u52a8\u6001\u88ab\u6536\u5f55\u4e3a\u7cbe\u9009\u52a8\u6001"},"options":{"sendno":3966023760,"apns_production":true}}, times:1
Send POST https://api.jpush.cn/v3/push, body:{"platform":["ios"],"audience":{"registration_id":["1a1018970aafbd9f605"]},"notification":{"alert":"\u4f60\u7684\u6253\u5361\u52a8\u6001\u88ab\u6536\u5f55\u4e3a\u7cbe\u9009\u52a8\u6001"},"options":{"sendno":2355910553,"apns_production":true}}, times:1
Send POST https://api.jpush.cn/v3/push, body:{"platform":["ios"],"audience":{"registration_id":["01156f8d8fd"]},"notification":{"alert":"\u4f60\u7684\u6253\u5361\u52a8\u6001\u88ab\u6536\u5f55\u4e3a\u7cbe\u9009\u52a8\u6001"},"options":{"sendno":3424300297,"apns_production":true}}, times:1
Send POST https://api.jpush.cn/v3/push, body:{"platform":["ios"],"audience":{"registration_id":["141fe1da9eaba881c1a"]},"notification":{"alert":"\u4f60\u7684\u6253\u5361\u52a8\u6001\u88ab\u6536\u5f55\u4e3a\u7cbe\u9009\u52a8\u6001"},"options":{"sendno":1976618703,"apns_production":true}}, times:1
Send POST https://api.jpush.cn/v3/push, body:{"platform":["ios"],"audience":{"registration_id":["01156f8d8fd"]},"notification":{"alert":"\u4f60\u7684\u6253\u5361\u52a8\u6001\u88ab\u6536\u5f55\u4e3a\u7cbe\u9009\u52a8\u6001"},"options":{"sendno":3648529016,"apns_production":true}}, times:1
Send POST https://api.jpush.cn/v3/push, body:{"platform":["android"],"audience":{"registration_id":["1a0018970aafd64e354"]},"notification":{"alert":"\u4f60\u7684\u6253\u5361\u52a8\u6001\u88ab\u6536\u5f55\u4e3a\u7cbe\u9009\u52a8\u6001"},"options":{"sendno":909223224,"apns_production":true}}, times:1
Send POST https://api.jpush.cn/v3/push, body:{"platform":["android"],"audience":{"registration_id":["18071adc030333e7388"]},"notification":{"alert":"\u4f60\u7684\u6253\u5361\u52a8\u6001\u88ab\u6536\u5f55\u4e3a\u7cbe\u9009\u52a8\u6001"},"options":{"sendno":1662880654,"apns_production":true}}, times:1
Send POST https://api.jpush.cn/v3/push, body:{"platform":["android"],"audience":{"registration_id":["190e35f7e04ab9046bd"]},"notification":{"alert":"\u4f60\u7684\u6253\u5361\u52a8\u6001\u88ab\u6536\u5f55\u4e3a\u7cbe\u9009\u52a8\u6001"},"options":{"sendno":1494529551,"apns_production":true}}, times:1
Send POST https://api.jpush.cn/v3/push, body:{"platform":["android"],"audience":{"registration_id":["170976fa8a8eb26a666"]},"notification":{"alert":"\u4f60\u7684\u6253\u5361\u52a8\u6001\u88ab\u6536\u5f55\u4e3a\u7cbe\u9009\u52a8\u6001"},"options":{"sendno":99976810,"apns_production":true}}, times:1
Send POST https://api.jpush.cn/v3/push, body:{"platform":["android"],"audience":{"registration_id":["100d85590948cba8f74"]},"notification":{"alert":"\u4f60\u7684\u53cd\u9988\u5df2\u6536\u5230\u56de\u590d"},"options":{"sendno":3383252089,"apns_production":true}}, times:1
Send POST https://api.jpush.cn/v3/push, body:{"platform":["android"],"audience":{"registration_id":["18071adc030333e7388"]},"notification":{"alert":"\u4f60\u7684\u53cd\u9988\u5df2\u6536\u5230\u56de\u590d"},"options":{"sendno":4261654134,"apns_production":true}}, times:1
Send POST https://api.jpush.cn/v3/push, body:{"platform":["android"],"audience":{"registration_id":["18071adc030333e7388"]},"notification":{"alert":"\u4f60\u7684\u53cd\u9988\u5df2\u6536\u5230\u56de\u590d"},"options":{"sendno":2928852035,"apns_production":true}}, times:1
Send POST https://api.jpush.cn/v3/push, body:{"platform":["android"],"audience":{"registration_id":["0004be83151"]},"notification":{"alert":"\u4f60\u7684\u6253\u5361\u52a8\u6001\u88ab\u6536\u5f55\u4e3a\u7cbe\u9009\u52a8\u6001"},"options":{"sendno":2000893971,"apns_production":true}}, times:1
Send POST https://api.jpush.cn/v3/push, body:{"platform":["ios"],"audience":{"registration_id":["1a1018970aa8ed77569"]},"notification":{"alert":"\u4f60\u7684\u6253\u5361\u52a8\u6001\u88ab\u6536\u5f55\u4e3a\u7cbe\u9009\u52a8\u6001"},"options":{"sendno":1736989366,"apns_production":true}}, times:1
Send POST https://api.jpush.cn/v3/push, body:{"platform":["android"],"audience":{"registration_id":["13065ffa4e092621d31"]},"notification":{"alert":"\u4f60\u7684\u6253\u5361\u52a8\u6001\u88ab\u6536\u5f55\u4e3a\u7cbe\u9009\u52a8\u6001"},"options":{"sendno":3370818436,"apns_production":true}}, times:1
Send POST https://api.jpush.cn/v3/push, body:{"platform":["android"],"audience":{"registration_id":["120c83f7602b3f351ab"]},"notification":{"alert":"\u4f60\u7684\u6253\u5361\u52a8\u6001\u88ab\u6536\u5f55\u4e3a\u7cbe\u9009\u52a8\u6001"},"options":{"sendno":1701649355,"apns_production":true}}, times:1
Send POST https://api.jpush.cn/v3/push, body:{"platform":["ios"],"audience":{"registration_id":["1a1018970aa8ed77569"]},"notification":{"alert":"\u4f60\u7684\u6253\u5361\u52a8\u6001\u88ab\u6536\u5f55\u4e3a\u7cbe\u9009\u52a8\u6001"},"options":{"sendno":3821823995,"apns_production":true}}, times:1
Send POST https://api.jpush.cn/v3/push, body:{"platform":["ios"],"audience":{"registration_id":["1a1018970aa8ed77569"]},"notification":{"alert":"\u4f60\u7684\u6253\u5361\u52a8\u6001\u88ab\u6536\u5f55\u4e3a\u7cbe\u9009\u52a8\u6001"},"options":{"sendno":1857848062,"apns_production":true}}, times:1
Send POST https://api.jpush.cn/v3/push, body:{"platform":["ios"],"audience":{"registration_id":["1a1018970aa8ed77569"]},"notification":{"alert":"\u4f60\u7684\u6253\u5361\u52a8\u6001\u88ab\u6536\u5f55\u4e3a\u7cbe\u9009\u52a8\u6001"},"options":{"sendno":4115087343,"apns_production":true}}, times:1
Send POST https://api.jpush.cn/v3/push, body:{"platform":["ios"],"audience":{"registration_id":["1a1018970aa8ed77569"]},"notification":{"alert":"\u4f60\u7684\u6253\u5361\u52a8\u6001\u88ab\u6536\u5f55\u4e3a\u7cbe\u9009\u52a8\u6001"},"options":{"sendno":1532773287,"apns_production":true}}, times:1
Send POST https://api.jpush.cn/v3/push, body:{"platform":["ios"],"audience":{"registration_id":["1a1018970aa8ed77569"]},"notification":{"alert":"\u4f60\u7684\u6253\u5361\u52a8\u6001\u88ab\u6536\u5f55\u4e3a\u7cbe\u9009\u52a8\u6001"},"options":{"sendno":919977709,"apns_production":true}}, times:1
Send POST https://api.jpush.cn/v3/push, body:{"platform":["ios"],"audience":{"registration_id":["1a1018970aa8ed77569"]},"notification":{"alert":"\u4f60\u7684\u6253\u5361\u52a8\u6001\u88ab\u6536\u5f55\u4e3a\u7cbe\u9009\u52a8\u6001"},"options":{"sendno":936544611,"apns_production":true}}, times:1
Send POST https://api.jpush.cn/v3/push, body:{"platform":["ios"],"audience":{"registration_id":["1a1018970aafbd9f605"]},"notification":{"alert":"\u4f60\u7684\u6253\u5361\u52a8\u6001\u88ab\u6536\u5f55\u4e3a\u7cbe\u9009\u52a8\u6001"},"options":{"sendno":3250795807,"apns_production":true}}, times:1
Send POST https://api.jpush.cn/v3/push, body:{"platform":["ios"],"audience":{"registration_id":["01156f8d8fd"]},"notification":{"alert":"\u4f60\u7684\u6253\u5361\u52a8\u6001\u88ab\u6536\u5f55\u4e3a\u7cbe\u9009\u52a8\u6001"},"options":{"sendno":2899015230,"apns_production":true}}, times:1
Send POST https://api.jpush.cn/v3/push, body:{"platform":["ios"],"audience":{"registration_id":["141fe1da9eaba881c1a"]},"notification":{"alert":"\u4f60\u7684\u6253\u5361\u52a8\u6001\u88ab\u6536\u5f55\u4e3a\u7cbe\u9009\u52a8\u6001"},"options":{"sendno":2015865305,"apns_production":true}}, times:1
Send POST https://api.jpush.cn/v3/push, body:{"platform":["ios"],"audience":{"registration_id":["01156f8d8fd"]},"notification":{"alert":"\u4f60\u7684\u6253\u5361\u52a8\u6001\u88ab\u6536\u5f55\u4e3a\u7cbe\u9009\u52a8\u6001"},"options":{"sendno":1064300897,"apns_production":true}}, times:1
Send POST https://api.jpush.cn/v3/push, body:{"platform":["android"],"audience":{"registration_id":["190e35f7e04ad64b47e"]},"notification":{"alert":"\u4f60\u7684\u6253\u5361\u52a8\u6001\u88ab\u6536\u5f55\u4e3a\u7cbe\u9009\u52a8\u6001"},"options":{"sendno":1733574074,"apns_production":true}}, times:1
Send POST https://api.jpush.cn/v3/push, body:{"platform":["android"],"audience":{"registration_id":["170976fa8a8eb26a666"]},"notification":{"alert":"\u4f60\u7684\u6253\u5361\u52a8\u6001\u88ab\u6536\u5f55\u4e3a\u7cbe\u9009\u52a8\u6001"},"options":{"sendno":1884134628,"apns_production":true}}, times:1
Send POST https://api.jpush.cn/v3/push, body:{"platform":["android"],"audience":{"registration_id":["100d855909488a11558"]},"notification":{"alert":"\u4f60\u7684\u6253\u5361\u52a8\u6001\u88ab\u6536\u5f55\u4e3a\u7cbe\u9009\u52a8\u6001"},"options":{"sendno":4126154153,"apns_production":true}}, times:1
Send POST https://api.jpush.cn/v3/push, body:{"platform":["android"],"audience":{"registration_id":["18071adc030333e7388"]},"notification":{"alert":"\u4f60\u7684\u6253\u5361\u52a8\u6001\u88ab\u6536\u5f55\u4e3a\u7cbe\u9009\u52a8\u6001"},"options":{"sendno":2791120550,"apns_production":true}}, times:1
Send POST https://api.jpush.cn/v3/push, body:{"platform":["android"],"audience":{"registration_id":["170976fa8a8eb26a666"]},"notification":{"alert":"\u4f60\u7684\u6253\u5361\u52a8\u6001\u88ab\u6536\u5f55\u4e3a\u7cbe\u9009\u52a8\u6001"},"options":{"sendno":1688052177,"apns_production":true}}, times:1
Send POST https://api.jpush.cn/v3/push, body:{"platform":["ios"],"audience":{"registration_id":["1a1018970aa8ed77569"]},"notification":{"alert":"\u4f60\u7684\u6253\u5361\u52a8\u6001\u88ab\u6536\u5f55\u4e3a\u7cbe\u9009\u52a8\u6001"},"options":{"sendno":2283752473,"apns_production":true}}, times:1
Send POST https://api.jpush.cn/v3/push, body:{"platform":["ios"],"audience":{"registration_id":["1a1018970aa8ed77569"]},"notification":{"alert":"\u4f60\u7684\u6253\u5361\u52a8\u6001\u88ab\u6536\u5f55\u4e3a\u7cbe\u9009\u52a8\u6001"},"options":{"sendno":2501256989,"apns_production":true}}, times:1
Send POST https://api.jpush.cn/v3/push, body:{"platform":["ios"],"audience":{"registration_id":["1a1018970aa9cab4628"]},"notification":{"alert":"\u7cbe\u9009\u52a8\u6001\u5165\u9009\u901a\u77e5"},"options":{"sendno":856511631,"apns_production":true}}, times:1
Send POST https://api.jpush.cn/v3/push, body:{"platform":["android"],"audience":{"registration_id":["170976fa8a8eb26a666"]},"notification":{"alert":"\u7cbe\u9009\u52a8\u6001\u5165\u9009\u901a\u77e5"},"options":{"sendno":3108790635,"apns_production":true}}, times:1
Send POST https://api.jpush.cn/v3/push, body:{"platform":["android"],"audience":{"registration_id":["100d85590949757598f"]},"notification":{"alert":"\u4f60\u7684\u53cd\u9988\u5df2\u6536\u5230\u56de\u590d"},"options":{"sendno":3004453829,"apns_production":true}}, times:1
Send POST https://api.jpush.cn/v3/push, body:{"platform":["android"],"audience":{"registration_id":["100d85590949757598f"]},"notification":{"alert":"\u4f60\u7684\u53cd\u9988\u5df2\u6536\u5230\u56de\u590d"},"options":{"sendno":3295570122,"apns_production":true}}, times:1
Send POST https://api.jpush.cn/v3/push, body:{"platform":["android"],"audience":{"registration_id":["1104a89792a6cf84a54"]},"notification":{"alert":"\u7cbe\u9009\u52a8\u6001\u5165\u9009\u901a\u77e5"},"options":{"sendno":2376668996,"apns_production":true}}, times:1
Send POST https://api.jpush.cn/v3/push, body:{"platform":["android"],"audience":{"registration_id":["170976fa8a8eb26a666"]},"notification":{"alert":"\u7cbe\u9009\u52a8\u6001\u5165\u9009\u901a\u77e5"},"options":{"sendno":1095285315,"apns_production":true}}, times:1
Send POST https://api.jpush.cn/v3/push, body:{"platform":["android"],"audience":{"registration_id":["170976fa8a8eb26a666"]},"notification":{"alert":"\u7cbe\u9009\u52a8\u6001\u5165\u9009\u901a\u77e5"},"options":{"sendno":3200115543,"apns_production":true}}, times:1
Send POST https://api.jpush.cn/v3/push, body:{"platform":["android"],"audience":{"registration_id":["1104a89792a6cf84a54"]},"notification":{"alert":"\u7cbe\u9009\u52a8\u6001\u5165\u9009\u901a\u77e5"},"options":{"sendno":3288760459,"apns_production":true}}, times:1
Send POST https://api.jpush.cn/v3/push, body:{"platform":["ios"],"audience":{"registration_id":["1517bfd3f7c802e6d7c"]},"notification":{"alert":"\u7cbe\u9009\u52a8\u6001\u5165\u9009\u901a\u77e5"},"options":{"sendno":1230662209,"apns_production":true}}, times:1
Send POST https://api.jpush.cn/v3/push, body:{"platform":["android"],"audience":{"registration_id":["1a0018970aafd64e354"]},"notification":{"alert":"\u7cbe\u9009\u52a8\u6001\u5165\u9009\u901a\u77e5"},"options":{"sendno":113933955,"apns_production":true}}, times:1
Send POST https://api.jpush.cn/v3/push, body:{"platform":["android"],"audience":{"registration_id":["1a0018970aa911379ae"]},"notification":{"alert":"\u4f60\u7684\u53cd\u9988\u5df2\u6536\u5230\u56de\u590d"},"options":{"sendno":809214150,"apns_production":true}}, times:1
Send POST https://api.jpush.cn/v3/push, body:{"platform":["android"],"audience":{"registration_id":["18071adc030333e7388"]},"notification":{"alert":"\u7cbe\u9009\u52a8\u6001\u5165\u9009\u901a\u77e5"},"options":{"sendno":880830631,"apns_production":true}}, times:1
Send POST https://api.jpush.cn/v3/push, body:{"platform":["android"],"audience":{"registration_id":["140fe1da9ea4c1ef549"]},"notification":{"alert":"\u7cbe\u9009\u52a8\u6001\u5165\u9009\u901a\u77e5"},"options":{"sendno":1033654526,"apns_production":true}}, times:1
Send POST https://api.jpush.cn/v3/push, body:{"platform":["android"],"audience":{"registration_id":["170976fa8a8eb26a666"]},"notification":{"alert":"\u7cbe\u9009\u52a8\u6001\u5165\u9009\u901a\u77e5"},"options":{"sendno":1092491508,"apns_production":true}}, times:1
Send POST https://api.jpush.cn/v3/push, body:{"platform":["android"],"audience":{"registration_id":["140fe1da9ea4c1ef549"]},"notification":{"alert":"\u7cbe\u9009\u52a8\u6001\u5165\u9009\u901a\u77e5"},"options":{"sendno":3129560172,"apns_production":true}}, times:1
Send POST https://api.jpush.cn/v3/push, body:{"platform":["android"],"audience":{"registration_id":["1104a89792a606602ed"]},"notification":{"alert":"\u7cbe\u9009\u52a8\u6001\u5165\u9009\u901a\u77e5"},"options":{"sendno":3235194420,"apns_production":true}}, times:1
Send POST https://api.jpush.cn/v3/push, body:{"platform":["android"],"audience":{"registration_id":["170976fa8a8eb26a666"]},"notification":{"alert":"Jason.z \u9f13\u52b1\u4e86\u4f60"},"options":{"sendno":1090117352,"apns_production":true}}, times:1
Send POST https://api.jpush.cn/v3/push, body:{"platform":["android"],"audience":{"registration_id":["1a0018970aafd64e354"]},"notification":{"alert":"\u7cbe\u9009\u52a8\u6001\u5165\u9009\u901a\u77e5"},"options":{"sendno":249602452,"apns_production":true}}, times:1
Send POST https://api.jpush.cn/v3/push, body:{"platform":["android"],"audience":{"registration_id":["120c83f7602b822aac6"]},"notification":{"alert":"Jason.z \u9f13\u52b1\u4e86\u4f60"},"options":{"sendno":2170319318,"apns_production":true}}, times:1
Send POST https://api.jpush.cn/v3/push, body:{"platform":["android"],"audience":{"registration_id":["1a0018970aafd64e354"]},"notification":{"alert":"Jason.z \u9f13\u52b1\u4e86\u4f60"},"options":{"sendno":1925978640,"apns_production":true}}, times:1
Send POST https://api.jpush.cn/v3/push, body:{"platform":["android"],"audience":{"registration_id":["160a3797c80b036cc40"]},"notification":{"alert":"Jason.z \u9f13\u52b1\u4e86\u4f60"},"options":{"sendno":731216686,"apns_production":true}}, times:1
Send POST https://api.jpush.cn/v3/push, body:{"platform":["android"],"audience":{"registration_id":["160a3797c80b036cc40"]},"notification":{"alert":"\u7cbe\u9009\u52a8\u6001\u5165\u9009\u901a\u77e5"},"options":{"sendno":257262378,"apns_production":true}}, times:1
Send POST https://api.jpush.cn/v3/push, body:{"platform":["android"],"audience":{"registration_id":["140fe1da9ea4c1ef549"]},"notification":{"alert":"\u7cbe\u9009\u52a8\u6001\u5165\u9009\u901a\u77e5"},"options":{"sendno":2421587042,"apns_production":true}}, times:1
Send POST https://api.jpush.cn/v3/push, body:{"platform":["android"],"audience":{"registration_id":["140fe1da9ea4c1ef549"]},"notification":{"alert":"\u7cbe\u9009\u52a8\u6001\u5165\u9009\u901a\u77e5"},"options":{"sendno":933187098,"apns_production":true}}, times:1
Send POST https://api.jpush.cn/v3/push, body:{"platform":["ios"],"audience":{"registration_id":["1a1018970aa8ed77569"]},"notification":{"alert":"\u7cbe\u9009\u52a8\u6001\u5165\u9009\u901a\u77e5"},"options":{"sendno":518093487,"apns_production":true}}, times:1
Send POST https://api.jpush.cn/v3/push, body:{"platform":["android"],"audience":{"registration_id":["100d855909480736e16"]},"notification":{"alert":"\u7cbe\u9009\u52a8\u6001\u5165\u9009\u901a\u77e5"},"options":{"sendno":2522042093,"apns_production":true}}, times:1
Send POST https://api.jpush.cn/v3/push, body:{"platform":["android"],"audience":{"registration_id":["1104a89792a606602ed"]},"notification":{"alert":"\u7cbe\u9009\u52a8\u6001\u5165\u9009\u901a\u77e5"},"options":{"sendno":2857752916,"apns_production":true}}, times:1
Send POST https://api.jpush.cn/v3/push, body:{"platform":["android"],"audience":{"registration_id":["100d8559094825dfac1"]},"notification":{"alert":"\u7cbe\u9009\u52a8\u6001\u5165\u9009\u901a\u77e5"},"options":{"sendno":1770720247,"apns_production":true}}, times:1
Send POST https://api.jpush.cn/v3/push, body:{"platform":["android"],"audience":{"registration_id":["13065ffa4e07b1e5d01"]},"notification":{"alert":"\u7cbe\u9009\u52a8\u6001\u5165\u9009\u901a\u77e5"},"options":{"sendno":2223847324,"apns_production":true}}, times:1
Send POST https://api.jpush.cn/v3/push, body:{"platform":["android"],"audience":{"registration_id":["100d8559094825dfac1"]},"notification":{"alert":"\u7cbe\u9009\u52a8\u6001\u5165\u9009\u901a\u77e5"},"options":{"sendno":2000460383,"apns_production":true}}, times:1
Send POST https://api.jpush.cn/v3/push, body:{"platform":["android"],"audience":{"registration_id":["100d8559094825dfac1"]},"notification":{"alert":"\u7cbe\u9009\u52a8\u6001\u5165\u9009\u901a\u77e5"},"options":{"sendno":512574689,"apns_production":true}}, times:1
Send POST https://api.jpush.cn/v3/push, body:{"platform":["android"],"audience":{"registration_id":["190e35f7e04a7a6a041"]},"notification":{"alert":"\u4f60\u7684\u53cd\u9988\u5df2\u6536\u5230\u56de\u590d"},"options":{"sendno":701376335,"apns_production":true}}, times:1
Send POST https://api.jpush.cn/v3/push, body:{"platform":["android"],"audience":{"registration_id":["18071adc0301ecff89f"]},"notification":{"alert":"\u4f60\u7684\u53cd\u9988\u5df2\u6536\u5230\u56de\u590d"},"options":{"sendno":2589243412,"apns_production":true}}, times:1
Send POST https://api.jpush.cn/v3/push, body:{"platform":["android"],"audience":{"registration_id":["18071adc0301ecff89f"]},"notification":{"alert":"\u4f60\u7684\u53cd\u9988\u5df2\u6536\u5230\u56de\u590d"},"options":{"sendno":3662116390,"apns_production":true}}, times:1
Send POST https://api.jpush.cn/v3/push, body:{"platform":["android"],"audience":{"registration_id":["190e35f7e049baba30b"]},"notification":{"alert":"\u7cbe\u9009\u52a8\u6001\u5165\u9009\u901a\u77e5"},"options":{"sendno":3957841816,"apns_production":true}}, times:1
Send POST https://api.jpush.cn/v3/push, body:{"platform":["android"],"audience":{"registration_id":["190e35f7e049baba30b"]},"notification":{"alert":"\u7cbe\u9009\u52a8\u6001\u5165\u9009\u901a\u77e5"},"options":{"sendno":2073825421,"apns_production":true}}, times:1
Send POST https://api.jpush.cn/v3/push, body:{"platform":["ios"],"audience":{"registration_id":["1517bfd3f7cb5181b4a"]},"notification":{"alert":"\u7cbe\u9009\u52a8\u6001\u5165\u9009\u901a\u77e5"},"options":{"sendno":1778131006,"apns_production":true}}, times:1
Send POST https://api.jpush.cn/v3/push, body:{"platform":["android"],"audience":{"registration_id":["190e35f7e049ad0293a"]},"notification":{"alert":"\u7cbe\u9009\u52a8\u6001\u5165\u9009\u901a\u77e5"},"options":{"sendno":2709663998,"apns_production":true}}, times:1
Send POST https://api.jpush.cn/v3/push, body:{"platform":["android"],"audience":{"registration_id":["190e35f7e049ad0293a"]},"notification":{"alert":"\u7cbe\u9009\u52a8\u6001\u5165\u9009\u901a\u77e5"},"options":{"sendno":2473721436,"apns_production":true}}, times:1
Send POST https://api.jpush.cn/v3/push, body:{"platform":["android"],"audience":{"registration_id":["1507bfd3f7cb37b2a2a"]},"notification":{"alert":"\u7cbe\u9009\u52a8\u6001\u5165\u9009\u901a\u77e5"},"options":{"sendno":3845011827,"apns_production":true}}, times:1
Send POST https://api.jpush.cn/v3/push, body:{"platform":["android"],"audience":{"registration_id":["190e35f7e049ad0293a"]},"notification":{"alert":"\u7cbe\u9009\u52a8\u6001\u5165\u9009\u901a\u77e5"},"options":{"sendno":533656218,"apns_production":true}}, times:1
Send POST https://api.jpush.cn/v3/push, body:{"platform":["android"],"audience":{"registration_id":["190e35f7e049ad0293a"]},"notification":{"alert":"\u7cbe\u9009\u52a8\u6001\u5165\u9009\u901a\u77e5"},"options":{"sendno":2115121204,"apns_production":true}}, times:1
Send POST https://api.jpush.cn/v3/push, body:{"platform":["android"],"audience":{"registration_id":["1507bfd3f7cb37b2a2a"]},"notification":{"alert":"\u7cbe\u9009\u52a8\u6001\u5165\u9009\u901a\u77e5"},"options":{"sendno":1001738674,"apns_production":true}}, times:1
Send POST https://api.jpush.cn/v3/push, body:{"platform":["android"],"audience":{"registration_id":["190e35f7e049baba30b"]},"notification":{"alert":"\u7cbe\u9009\u52a8\u6001\u5165\u9009\u901a\u77e5"},"options":{"sendno":1025507234,"apns_production":true}}, times:1
Send POST https://api.jpush.cn/v3/push, body:{"platform":["android"],"audience":{"registration_id":["170976fa8a8eb26a666"]},"notification":{"alert":"\u7cbe\u9009\u52a8\u6001\u5165\u9009\u901a\u77e5"},"options":{"sendno":2632725472,"apns_production":true}}, times:1
Send POST https://api.jpush.cn/v3/push, body:{"platform":["android"],"audience":{"registration_id":["1507bfd3f7cb37b2a2a"]},"notification":{"alert":"\u7cbe\u9009\u52a8\u6001\u5165\u9009\u901a\u77e5"},"options":{"sendno":2939421391,"apns_production":true}}, times:1
Send POST https://api.jpush.cn/v3/push, body:{"platform":["android"],"audience":{"registration_id":["190e35f7e049baba30b"]},"notification":{"alert":"\u7cbe\u9009\u52a8\u6001\u5165\u9009\u901a\u77e5"},"options":{"sendno":108184601,"apns_production":true}}, times:1
Send POST https://api.jpush.cn/v3/push, body:{"platform":["ios"],"audience":{"registration_id":["1a1018970aaade28bad"]},"notification":{"alert":"\u7cbe\u9009\u52a8\u6001\u5165\u9009\u901a\u77e5"},"options":{"sendno":3455444898,"apns_production":true}}, times:1
Send POST https://api.jpush.cn/v3/push, body:{"platform":["android"],"audience":{"registration_id":["170976fa8a8eb26a666"]},"notification":{"alert":"\u7cbe\u9009\u52a8\u6001\u5165\u9009\u901a\u77e5"},"options":{"sendno":395318971,"apns_production":true}}, times:1
Send POST https://api.jpush.cn/v3/push, body:{"platform":["android"],"audience":{"registration_id":["1a0018970aafd64e354"]},"notification":{"alert":"\u7cbe\u9009\u52a8\u6001\u5165\u9009\u901a\u77e5"},"options":{"sendno":1454355777,"apns_production":true}}, times:1
Send POST https://api.jpush.cn/v3/push, body:{"platform":["android"],"audience":{"registration_id":["1a0018970aafd64e354"]},"notification":{"alert":"\u7cbe\u9009\u52a8\u6001\u5165\u9009\u901a\u77e5"},"options":{"sendno":4240514534,"apns_production":true}}, times:1
Send POST https://api.jpush.cn/v3/push, body:{"platform":["android"],"audience":{"registration_id":["1a0018970aafd64e354"]},"notification":{"alert":"\u7cbe\u9009\u52a8\u6001\u5165\u9009\u901a\u77e5"},"options":{"sendno":2779859150,"apns_production":true}}, times:1
Send POST https://api.jpush.cn/v3/push, body:{"platform":["ios"],"audience":{"registration_id":["1a1018970aaa22da92d"]},"notification":{"alert":"\u7cbe\u9009\u52a8\u6001\u5165\u9009\u901a\u77e5"},"options":{"sendno":1468162459,"apns_production":true}}, times:1
Send POST https://api.jpush.cn/v3/push, body:{"platform":["ios"],"audience":{"registration_id":["1a1018970aaa22da92d"]},"notification":{"alert":"\u7cbe\u9009\u52a8\u6001\u5165\u9009\u901a\u77e5"},"options":{"sendno":1036479745,"apns_production":true}}, times:1
Send POST https://api.jpush.cn/v3/push, body:{"platform":["android"],"audience":{"registration_id":["1a0018970aafd64e354"]},"notification":{"alert":"\u7cbe\u9009\u52a8\u6001\u5165\u9009\u901a\u77e5"},"options":{"sendno":3204859620,"apns_production":true}}, times:1
Send POST https://api.jpush.cn/v3/push, body:{"platform":["ios"],"audience":{"registration_id":["1a1018970aaa22da92d"]},"notification":{"alert":"\u7cbe\u9009\u52a8\u6001\u5165\u9009\u901a\u77e5"},"options":{"sendno":1835154712,"apns_production":true}}, times:1
Send POST https://api.jpush.cn/v3/push, body:{"platform":["ios"],"audience":{"registration_id":["161a3797c8098f16f91"]},"notification":{"alert":"\u7cbe\u9009\u52a8\u6001\u5165\u9009\u901a\u77e5"},"options":{"sendno":2685213052,"apns_production":true}}, times:1
Send POST https://api.jpush.cn/v3/push, body:{"platform":["android"],"audience":{"registration_id":["13065ffa4e0574a9cd7"]},"notification":{"alert":"\u4f60\u7684\u53cd\u9988\u5df2\u6536\u5230\u56de\u590d"},"options":{"sendno":918290371,"apns_production":true}}, times:1
Send POST https://api.jpush.cn/v3/push, body:{"platform":["android"],"audience":{"registration_id":["170976fa8a8d0eb6bca"]},"notification":{"alert":"\u7cbe\u9009\u52a8\u6001\u5165\u9009\u901a\u77e5"},"options":{"sendno":1184555317,"apns_production":true}}, times:1
Send POST https://api.jpush.cn/v3/push, body:{"platform":["ios"],"audience":{"registration_id":["1a1018970aa8ed77569"]},"notification":{"alert":"\u7cbe\u9009\u52a8\u6001\u5165\u9009\u901a\u77e5"},"options":{"sendno":2015862985,"apns_production":true}}, times:1
Send POST https://api.jpush.cn/v3/push, body:{"platform":["ios"],"audience":{"registration_id":["1a1018970aa8ed77569"]},"notification":{"alert":"\u7cbe\u9009\u52a8\u6001\u5165\u9009\u901a\u77e5"},"options":{"sendno":2725778959,"apns_production":true}}, times:1
